TpTrace Verbose: 0 : 77704, 1, 2024/03/29, 23:43:22.301, 10377712094380, vstest.console.dll, Version: 17.8.0-release-23523-03 Current process architecture: X64
TpTrace Verbose: 0 : 77704, 1, 2024/03/29, 23:43:22.304, 10377712127508, vstest.console.dll, Runtime location: C:\Program Files\dotnet\shared\Microsoft.NETCore.App\8.0.0
TpTrace Verbose: 0 : 77704, 1, 2024/03/29, 23:43:22.306, 10377712147305, vstest.console.dll, ArtifactProcessingPostProcessModeProcessorExecutor.Initialize: ArtifactProcessingMode.Collect
TpTrace Verbose: 0 : 77704, 1, 2024/03/29, 23:43:22.306, 10377712148301, vstest.console.dll, TestSessionCorrelationIdProcessorModeProcessorExecutor.Initialize: TestSessionCorrelationId '37468_66eda522-fb8d-4176-975b-aae3784e2cfa'
TpTrace Information: 0 : 77704, 1, 2024/03/29, 23:43:22.343, 10377712513038, vstest.console.dll, FilePatternParser: The given file C:\Users\petko\Downloads\11.Exercise-Continuous-Integration-I-Resources\11.Exercise-Continuous-Integration-I-Resources\02-House-Renting-System-App\HouseRentingSystem.Tests\bin\Debug\net6.0\fine-code-coverage\build-output\HouseRentingSystem.Tests.dll is a full path.
TpTrace Verbose: 0 : 77704, 1, 2024/03/29, 23:43:22.345, 10377712536800, vstest.console.dll, TestPluginCache.DiscoverTestExtensions: finding test extensions in assemblies ends with: RuntimeProvider.dll TPluginInfo: Microsoft.VisualStudio.TestPlatform.Common.ExtensionFramework.Utilities.TestRuntimePluginInformation TExtension: Microsoft.VisualStudio.TestPlatform.ObjectModel.Host.ITestRuntimeProvider
TpTrace Verbose: 0 : 77704, 1, 2024/03/29, 23:43:22.345, 10377712538933, vstest.console.dll, TestPluginCache.GetExtensionPaths: Filtered extension paths: 
TpTrace Verbose: 0 : 77704, 1, 2024/03/29, 23:43:22.345, 10377712539326, vstest.console.dll, TestPluginCache.GetExtensionPaths: Added default extension paths: C:\Program Files\dotnet\sdk\8.0.100\Extensions\Microsoft.Diagnostics.NETCore.Client.dll
C:\Program Files\dotnet\sdk\8.0.100\Extensions\Microsoft.TestPlatform.Extensions.BlameDataCollector.dll
C:\Program Files\dotnet\sdk\8.0.100\Extensions\Microsoft.TestPlatform.Extensions.EventLogCollector.dll
C:\Program Files\dotnet\sdk\8.0.100\Extensions\Microsoft.TestPlatform.TestHostRuntimeProvider.dll
C:\Program Files\dotnet\sdk\8.0.100\Extensions\Microsoft.VisualStudio.TestPlatform.Extensions.Html.TestLogger.dll
C:\Program Files\dotnet\sdk\8.0.100\Extensions\Microsoft.VisualStudio.TestPlatform.Extensions.Trx.TestLogger.dll
TpTrace Verbose: 0 : 77704, 1, 2024/03/29, 23:43:22.345, 10377712539480, vstest.console.dll, TestPluginCache.GetExtensionPaths: Added unfilterableExtensionPaths: 
TpTrace Information: 0 : 77704, 1, 2024/03/29, 23:43:22.345, 10377712542652, vstest.console.dll, AssemblyResolver.ctor: Creating AssemblyResolver with searchDirectories C:\Program Files\dotnet\sdk\8.0.100\Extensions,C:\Program Files\dotnet\sdk\8.0.100
TpTrace Verbose: 0 : 77704, 1, 2024/03/29, 23:43:22.346, 10377712549405, vstest.console.dll, TestPluginCache.DiscoverTestExtensions: Discovering the extensions using extension path.
TpTrace Verbose: 0 : 77704, 1, 2024/03/29, 23:43:22.346, 10377712550136, vstest.console.dll, TestPluginCache.GetExtensionPaths: Filtered extension paths: 
TpTrace Verbose: 0 : 77704, 1, 2024/03/29, 23:43:22.346, 10377712550301, vstest.console.dll, TestPluginCache.GetExtensionPaths: Added default extension paths: C:\Program Files\dotnet\sdk\8.0.100\Extensions\Microsoft.Diagnostics.NETCore.Client.dll
C:\Program Files\dotnet\sdk\8.0.100\Extensions\Microsoft.TestPlatform.Extensions.BlameDataCollector.dll
C:\Program Files\dotnet\sdk\8.0.100\Extensions\Microsoft.TestPlatform.Extensions.EventLogCollector.dll
C:\Program Files\dotnet\sdk\8.0.100\Extensions\Microsoft.TestPlatform.TestHostRuntimeProvider.dll
C:\Program Files\dotnet\sdk\8.0.100\Extensions\Microsoft.VisualStudio.TestPlatform.Extensions.Html.TestLogger.dll
C:\Program Files\dotnet\sdk\8.0.100\Extensions\Microsoft.VisualStudio.TestPlatform.Extensions.Trx.TestLogger.dll
TpTrace Verbose: 0 : 77704, 1, 2024/03/29, 23:43:22.346, 10377712550452, vstest.console.dll, TestPluginCache.GetExtensionPaths: Added unfilterableExtensionPaths: 
TpTrace Verbose: 0 : 77704, 1, 2024/03/29, 23:43:22.346, 10377712551114, vstest.console.dll, TestPluginCache.DiscoverTestExtensions: Discovering the extensions using allExtensionPaths: C:\Program Files\dotnet\sdk\8.0.100\Extensions\Microsoft.Diagnostics.NETCore.Client.dll
C:\Program Files\dotnet\sdk\8.0.100\Extensions\Microsoft.TestPlatform.Extensions.BlameDataCollector.dll
C:\Program Files\dotnet\sdk\8.0.100\Extensions\Microsoft.TestPlatform.Extensions.EventLogCollector.dll
C:\Program Files\dotnet\sdk\8.0.100\Extensions\Microsoft.TestPlatform.TestHostRuntimeProvider.dll
C:\Program Files\dotnet\sdk\8.0.100\Extensions\Microsoft.VisualStudio.TestPlatform.Extensions.Html.TestLogger.dll
C:\Program Files\dotnet\sdk\8.0.100\Extensions\Microsoft.VisualStudio.TestPlatform.Extensions.Trx.TestLogger.dll
TpTrace Information: 0 : 77704, 1, 2024/03/29, 23:43:22.346, 10377712551659, vstest.console.dll, AssemblyResolver.AddSearchDirectories: Adding more searchDirectories C:\Program Files\dotnet\sdk\8.0.100\Extensions,C:\Program Files\dotnet\sdk\8.0.100
TpTrace Information: 0 : 77704, 1, 2024/03/29, 23:43:22.346, 10377712551860, vstest.console.dll, AssemblyResolver.AddSearchDirectories: Adding more searchDirectories C:\Program Files\dotnet\sdk\8.0.100\Extensions,C:\Program Files\dotnet\sdk\8.0.100
TpTrace Information: 0 : 77704, 1, 2024/03/29, 23:43:22.346, 10377712551971, vstest.console.dll, AssemblyResolver.AddSearchDirectories: Adding more searchDirectories C:\Program Files\dotnet\sdk\8.0.100\Extensions,C:\Program Files\dotnet\sdk\8.0.100
TpTrace Information: 0 : 77704, 1, 2024/03/29, 23:43:22.346, 10377712552093, vstest.console.dll, AssemblyResolver.AddSearchDirectories: Adding more searchDirectories C:\Program Files\dotnet\sdk\8.0.100\Extensions,C:\Program Files\dotnet\sdk\8.0.100
TpTrace Information: 0 : 77704, 1, 2024/03/29, 23:43:22.346, 10377712552195, vstest.console.dll, AssemblyResolver.AddSearchDirectories: Adding more searchDirectories C:\Program Files\dotnet\sdk\8.0.100\Extensions,C:\Program Files\dotnet\sdk\8.0.100
TpTrace Information: 0 : 77704, 1, 2024/03/29, 23:43:22.346, 10377712552298, vstest.console.dll, AssemblyResolver.AddSearchDirectories: Adding more searchDirectories C:\Program Files\dotnet\sdk\8.0.100\Extensions,C:\Program Files\dotnet\sdk\8.0.100
TpTrace Information: 0 : 77704, 1, 2024/03/29, 23:43:22.347, 10377712555019, vstest.console.dll, AssemblyResolver.OnResolve: Microsoft.Diagnostics.NETCore.Client: Resolving assembly.
TpTrace Information: 0 : 77704, 1, 2024/03/29, 23:43:22.347, 10377712555379, vstest.console.dll, AssemblyResolver.OnResolve: Microsoft.Diagnostics.NETCore.Client: Searching in: 'C:\Program Files\dotnet\sdk\8.0.100\Extensions'.
TpTrace Information: 0 : 77704, 1, 2024/03/29, 23:43:22.350, 10377712588056, vstest.console.dll, AssemblyResolver.OnResolve: Microsoft.Diagnostics.NETCore.Client: Loading assembly 'C:\Program Files\dotnet\sdk\8.0.100\Extensions\Microsoft.Diagnostics.NETCore.Client.dll'.
TpTrace Information: 0 : 77704, 1, 2024/03/29, 23:43:22.350, 10377712590801, vstest.console.dll, AssemblyResolver.OnResolve: Resolved assembly: Microsoft.Diagnostics.NETCore.Client, from path: C:\Program Files\dotnet\sdk\8.0.100\Extensions\Microsoft.Diagnostics.NETCore.Client.dll
TpTrace Verbose: 0 : 77704, 1, 2024/03/29, 23:43:22.353, 10377712615296, vstest.console.dll, MetadataReaderExtensionsHelper: Discovering extensions inside assembly 'Microsoft.Diagnostics.NETCore.Client, Version=0.2.8.21101, Culture=neutral, PublicKeyToken=31bf3856ad364e35' file path 'C:\Program Files\dotnet\sdk\8.0.100\Extensions\Microsoft.Diagnostics.NETCore.Client.dll'
TpTrace Information: 0 : 77704, 1, 2024/03/29, 23:43:22.355, 10377712635456, vstest.console.dll, AssemblyResolver.OnResolve: Microsoft.Bcl.AsyncInterfaces: Resolving assembly.
TpTrace Information: 0 : 77704, 1, 2024/03/29, 23:43:22.355, 10377712635968, vstest.console.dll, AssemblyResolver.OnResolve: Microsoft.Bcl.AsyncInterfaces: Searching in: 'C:\Program Files\dotnet\sdk\8.0.100\Extensions'.
TpTrace Information: 0 : 77704, 1, 2024/03/29, 23:43:22.355, 10377712636782, vstest.console.dll, AssemblyResolver.OnResolve: Microsoft.Bcl.AsyncInterfaces: Assembly path does not exist: 'C:\Program Files\dotnet\sdk\8.0.100\Extensions\Microsoft.Bcl.AsyncInterfaces.dll', returning.
TpTrace Information: 0 : 77704, 1, 2024/03/29, 23:43:22.355, 10377712637055, vstest.console.dll, AssemblyResolver.OnResolve: Microsoft.Bcl.AsyncInterfaces: Assembly path does not exist: 'C:\Program Files\dotnet\sdk\8.0.100\Extensions\Microsoft.Bcl.AsyncInterfaces.exe', returning.
TpTrace Information: 0 : 77704, 1, 2024/03/29, 23:43:22.355, 10377712637203, vstest.console.dll, AssemblyResolver.OnResolve: Microsoft.Bcl.AsyncInterfaces: Searching in: 'C:\Program Files\dotnet\sdk\8.0.100'.
TpTrace Information: 0 : 77704, 1, 2024/03/29, 23:43:22.355, 10377712637471, vstest.console.dll, AssemblyResolver.OnResolve: Microsoft.Bcl.AsyncInterfaces: Assembly path does not exist: 'C:\Program Files\dotnet\sdk\8.0.100\Microsoft.Bcl.AsyncInterfaces.dll', returning.
TpTrace Information: 0 : 77704, 1, 2024/03/29, 23:43:22.355, 10377712637683, vstest.console.dll, AssemblyResolver.OnResolve: Microsoft.Bcl.AsyncInterfaces: Assembly path does not exist: 'C:\Program Files\dotnet\sdk\8.0.100\Microsoft.Bcl.AsyncInterfaces.exe', returning.
TpTrace Information: 0 : 77704, 1, 2024/03/29, 23:43:22.355, 10377712637798, vstest.console.dll, AssemblyResolver.OnResolve: Microsoft.Bcl.AsyncInterfaces: Failed to load assembly.
TpTrace Verbose: 0 : 77704, 1, 2024/03/29, 23:43:22.355, 10377712637952, vstest.console.dll, CurrentDomainAssemblyResolve: Resolving assembly 'Microsoft.Bcl.AsyncInterfaces'.
TpTrace Information: 0 : 77704, 1, 2024/03/29, 23:43:22.355, 10377712638286, vstest.console.dll, AssemblyResolver.OnResolve: Microsoft.Bcl.AsyncInterfaces: Resolving assembly.
TpTrace Information: 0 : 77704, 1, 2024/03/29, 23:43:22.355, 10377712638427, vstest.console.dll, AssemblyResolver.OnResolve: Microsoft.Bcl.AsyncInterfaces: Resolved from cache.
TpTrace Verbose: 0 : 77704, 1, 2024/03/29, 23:43:22.355, 10377712638526, vstest.console.dll, CurrentDomainAssemblyResolve: Resolving assembly 'Microsoft.Bcl.AsyncInterfaces'.
TpTrace Verbose: 0 : 77704, 1, 2024/03/29, 23:43:22.355, 10377712638655, vstest.console.dll, CurrentDomainAssemblyResolve: Failed to resolve assembly 'Microsoft.Bcl.AsyncInterfaces'.
TpTrace Verbose: 0 : 77704, 1, 2024/03/29, 23:43:22.355, 10377712641889, vstest.console.dll, CurrentDomainAssemblyResolve: Failed to resolve assembly 'Microsoft.Bcl.AsyncInterfaces'.
TpTrace Warning: 0 : 77704, 1, 2024/03/29, 23:43:22.360, 10377712689576, vstest.console.dll, TestPluginDiscoverer: Failed to get types from assembly 'Microsoft.Diagnostics.NETCore.Client, Version=0.2.8.21101, Culture=neutral, PublicKeyToken=31bf3856ad364e35'. Error: System.Reflection.ReflectionTypeLoadException: Unable to load one or more of the requested types.
Could not load file or assembly 'Microsoft.Bcl.AsyncInterfaces, Version=1.0.0.0, Culture=neutral, PublicKeyToken=cc7b13ffcd2ddd51'. The system cannot find the file specified.
   at System.Reflection.RuntimeModule.GetTypes(RuntimeModule module)
   at System.Reflection.RuntimeModule.GetTypes()
   at Microsoft.VisualStudio.TestPlatform.Common.ExtensionFramework.TestPluginDiscoverer.GetTestExtensionsFromAssembly[TPluginInfo,TExtension](Assembly assembly, Dictionary`2 pluginInfos, String filePath) in /_/src/Microsoft.TestPlatform.Common/ExtensionFramework/TestPluginDiscoverer.cs:line 158
System.IO.FileNotFoundException: Could not load file or assembly 'Microsoft.Bcl.AsyncInterfaces, Version=1.0.0.0, Culture=neutral, PublicKeyToken=cc7b13ffcd2ddd51'. The system cannot find the file specified.
File name: 'Microsoft.Bcl.AsyncInterfaces, Version=1.0.0.0, Culture=neutral, PublicKeyToken=cc7b13ffcd2ddd51'
 ---> System.IO.FileNotFoundException: Could not load file or assembly 'Microsoft.Bcl.AsyncInterfaces, Culture=neutral, PublicKeyToken=null'. The system cannot find the file specified.
File name: 'Microsoft.Bcl.AsyncInterfaces, Culture=neutral, PublicKeyToken=null'
   at System.Reflection.RuntimeAssembly.InternalLoad(AssemblyName assemblyName, StackCrawlMark& stackMark, AssemblyLoadContext assemblyLoadContext, RuntimeAssembly requestingAssembly, Boolean throwOnFileNotFound)
   at System.Reflection.Assembly.Load(AssemblyName assemblyRef)
   at Microsoft.VisualStudio.TestPlatform.Common.ExtensionFramework.TestPluginCache.CurrentDomainAssemblyResolve(Object sender, AssemblyResolveEventArgs args) in /_/src/Microsoft.TestPlatform.Common/ExtensionFramework/TestPluginCache.cs:line 513
   at System.Runtime.Loader.AssemblyLoadContext.GetFirstResolvedAssemblyFromResolvingEvent(AssemblyName assemblyName)
   at System.Runtime.Loader.AssemblyLoadContext.ResolveUsingEvent(AssemblyName assemblyName)
   at System.Runtime.Loader.AssemblyLoadContext.ResolveUsingResolvingEvent(IntPtr gchManagedAssemblyLoadContext, AssemblyName assemblyName)
TpTrace Warning: 0 : 77704, 1, 2024/03/29, 23:43:22.360, 10377712691566, vstest.console.dll, LoaderExceptions: System.IO.FileNotFoundException: Could not load file or assembly 'Microsoft.Bcl.AsyncInterfaces, Version=1.0.0.0, Culture=neutral, PublicKeyToken=cc7b13ffcd2ddd51'. The system cannot find the file specified.
File name: 'Microsoft.Bcl.AsyncInterfaces, Version=1.0.0.0, Culture=neutral, PublicKeyToken=cc7b13ffcd2ddd51'
 ---> System.IO.FileNotFoundException: Could not load file or assembly 'Microsoft.Bcl.AsyncInterfaces, Culture=neutral, PublicKeyToken=null'. The system cannot find the file specified.
File name: 'Microsoft.Bcl.AsyncInterfaces, Culture=neutral, PublicKeyToken=null'
   at System.Reflection.RuntimeAssembly.InternalLoad(AssemblyName assemblyName, StackCrawlMark& stackMark, AssemblyLoadContext assemblyLoadContext, RuntimeAssembly requestingAssembly, Boolean throwOnFileNotFound)
   at System.Reflection.Assembly.Load(AssemblyName assemblyRef)
   at Microsoft.VisualStudio.TestPlatform.Common.ExtensionFramework.TestPluginCache.CurrentDomainAssemblyResolve(Object sender, AssemblyResolveEventArgs args) in /_/src/Microsoft.TestPlatform.Common/ExtensionFramework/TestPluginCache.cs:line 513
   at System.Runtime.Loader.AssemblyLoadContext.GetFirstResolvedAssemblyFromResolvingEvent(AssemblyName assemblyName)
   at System.Runtime.Loader.AssemblyLoadContext.ResolveUsingEvent(AssemblyName assemblyName)
   at System.Runtime.Loader.AssemblyLoadContext.ResolveUsingResolvingEvent(IntPtr gchManagedAssemblyLoadContext, AssemblyName assemblyName)
TpTrace Information: 0 : 77704, 1, 2024/03/29, 23:43:22.360, 10377712692365, vstest.console.dll, AssemblyResolver.OnResolve: Microsoft.TestPlatform.Extensions.BlameDataCollector: Resolving assembly.
TpTrace Information: 0 : 77704, 1, 2024/03/29, 23:43:22.360, 10377712692541, vstest.console.dll, AssemblyResolver.OnResolve: Microsoft.TestPlatform.Extensions.BlameDataCollector: Searching in: 'C:\Program Files\dotnet\sdk\8.0.100\Extensions'.
TpTrace Information: 0 : 77704, 1, 2024/03/29, 23:43:22.361, 10377712694335, vstest.console.dll, AssemblyResolver.OnResolve: Microsoft.TestPlatform.Extensions.BlameDataCollector: Loading assembly 'C:\Program Files\dotnet\sdk\8.0.100\Extensions\Microsoft.TestPlatform.Extensions.BlameDataCollector.dll'.
TpTrace Information: 0 : 77704, 1, 2024/03/29, 23:43:22.361, 10377712696518, vstest.console.dll, AssemblyResolver.OnResolve: Resolved assembly: Microsoft.TestPlatform.Extensions.BlameDataCollector, from path: C:\Program Files\dotnet\sdk\8.0.100\Extensions\Microsoft.TestPlatform.Extensions.BlameDataCollector.dll
TpTrace Verbose: 0 : 77704, 1, 2024/03/29, 23:43:22.361, 10377712696966, vstest.console.dll, MetadataReaderExtensionsHelper: Discovering extensions inside assembly 'Microsoft.TestPlatform.Extensions.BlameDataCollector, Version=15.0.0.0, Culture=neutral, PublicKeyToken=b03f5f7f11d50a3a' file path 'C:\Program Files\dotnet\sdk\8.0.100\Extensions\Microsoft.TestPlatform.Extensions.BlameDataCollector.dll'
TpTrace Information: 0 : 77704, 1, 2024/03/29, 23:43:22.362, 10377712703538, vstest.console.dll, AssemblyResolver.OnResolve: Microsoft.TestPlatform.Extensions.EventLogCollector: Resolving assembly.
TpTrace Information: 0 : 77704, 1, 2024/03/29, 23:43:22.362, 10377712704254, vstest.console.dll, AssemblyResolver.OnResolve: Microsoft.TestPlatform.Extensions.EventLogCollector: Searching in: 'C:\Program Files\dotnet\sdk\8.0.100\Extensions'.
TpTrace Information: 0 : 77704, 1, 2024/03/29, 23:43:22.362, 10377712705801, vstest.console.dll, AssemblyResolver.OnResolve: Microsoft.TestPlatform.Extensions.EventLogCollector: Loading assembly 'C:\Program Files\dotnet\sdk\8.0.100\Extensions\Microsoft.TestPlatform.Extensions.EventLogCollector.dll'.
TpTrace Information: 0 : 77704, 1, 2024/03/29, 23:43:22.362, 10377712707606, vstest.console.dll, AssemblyResolver.OnResolve: Resolved assembly: Microsoft.TestPlatform.Extensions.EventLogCollector, from path: C:\Program Files\dotnet\sdk\8.0.100\Extensions\Microsoft.TestPlatform.Extensions.EventLogCollector.dll
TpTrace Verbose: 0 : 77704, 1, 2024/03/29, 23:43:22.362, 10377712707967, vstest.console.dll, MetadataReaderExtensionsHelper: Discovering extensions inside assembly 'Microsoft.TestPlatform.Extensions.EventLogCollector, Version=15.0.0.0, Culture=neutral, PublicKeyToken=b03f5f7f11d50a3a' file path 'C:\Program Files\dotnet\sdk\8.0.100\Extensions\Microsoft.TestPlatform.Extensions.EventLogCollector.dll'
TpTrace Information: 0 : 77704, 1, 2024/03/29, 23:43:22.363, 10377712716737, vstest.console.dll, AssemblyResolver.OnResolve: Microsoft.TestPlatform.TestHostRuntimeProvider: Resolving assembly.
TpTrace Information: 0 : 77704, 1, 2024/03/29, 23:43:22.363, 10377712717091, vstest.console.dll, AssemblyResolver.OnResolve: Microsoft.TestPlatform.TestHostRuntimeProvider: Searching in: 'C:\Program Files\dotnet\sdk\8.0.100\Extensions'.
TpTrace Information: 0 : 77704, 1, 2024/03/29, 23:43:22.363, 10377712718537, vstest.console.dll, AssemblyResolver.OnResolve: Microsoft.TestPlatform.TestHostRuntimeProvider: Loading assembly 'C:\Program Files\dotnet\sdk\8.0.100\Extensions\Microsoft.TestPlatform.TestHostRuntimeProvider.dll'.
TpTrace Information: 0 : 77704, 1, 2024/03/29, 23:43:22.363, 10377712720323, vstest.console.dll, AssemblyResolver.OnResolve: Resolved assembly: Microsoft.TestPlatform.TestHostRuntimeProvider, from path: C:\Program Files\dotnet\sdk\8.0.100\Extensions\Microsoft.TestPlatform.TestHostRuntimeProvider.dll
TpTrace Verbose: 0 : 77704, 1, 2024/03/29, 23:43:22.363, 10377712720626, vstest.console.dll, MetadataReaderExtensionsHelper: Discovering extensions inside assembly 'Microsoft.TestPlatform.TestHostRuntimeProvider, Version=15.0.0.0, Culture=neutral, PublicKeyToken=b03f5f7f11d50a3a' file path 'C:\Program Files\dotnet\sdk\8.0.100\Extensions\Microsoft.TestPlatform.TestHostRuntimeProvider.dll'
TpTrace Information: 0 : 77704, 1, 2024/03/29, 23:43:22.364, 10377712727606, vstest.console.dll, GetTestExtensionFromType: Register extension with identifier data 'HostProvider://DefaultTestHost' and type 'Microsoft.VisualStudio.TestPlatform.CrossPlatEngine.Hosting.DefaultTestHostManager, Microsoft.TestPlatform.TestHostRuntimeProvider, Version=15.0.0.0, Culture=neutral, PublicKeyToken=b03f5f7f11d50a3a' inside file 'C:\Program Files\dotnet\sdk\8.0.100\Extensions\Microsoft.TestPlatform.TestHostRuntimeProvider.dll'
TpTrace Information: 0 : 77704, 1, 2024/03/29, 23:43:22.364, 10377712729192, vstest.console.dll, GetTestExtensionFromType: Register extension with identifier data 'HostProvider://DotnetTestHost' and type 'Microsoft.VisualStudio.TestPlatform.CrossPlatEngine.Hosting.DotnetTestHostManager, Microsoft.TestPlatform.TestHostRuntimeProvider, Version=15.0.0.0, Culture=neutral, PublicKeyToken=b03f5f7f11d50a3a' inside file 'C:\Program Files\dotnet\sdk\8.0.100\Extensions\Microsoft.TestPlatform.TestHostRuntimeProvider.dll'
TpTrace Information: 0 : 77704, 1, 2024/03/29, 23:43:22.364, 10377712729592, vstest.console.dll, AssemblyResolver.OnResolve: Microsoft.VisualStudio.TestPlatform.Extensions.Html.TestLogger: Resolving assembly.
TpTrace Information: 0 : 77704, 1, 2024/03/29, 23:43:22.364, 10377712729774, vstest.console.dll, AssemblyResolver.OnResolve: Microsoft.VisualStudio.TestPlatform.Extensions.Html.TestLogger: Searching in: 'C:\Program Files\dotnet\sdk\8.0.100\Extensions'.
TpTrace Information: 0 : 77704, 1, 2024/03/29, 23:43:22.364, 10377712731243, vstest.console.dll, AssemblyResolver.OnResolve: Microsoft.VisualStudio.TestPlatform.Extensions.Html.TestLogger: Loading assembly 'C:\Program Files\dotnet\sdk\8.0.100\Extensions\Microsoft.VisualStudio.TestPlatform.Extensions.Html.TestLogger.dll'.
TpTrace Information: 0 : 77704, 1, 2024/03/29, 23:43:22.365, 10377712733094, vstest.console.dll, AssemblyResolver.OnResolve: Resolved assembly: Microsoft.VisualStudio.TestPlatform.Extensions.Html.TestLogger, from path: C:\Program Files\dotnet\sdk\8.0.100\Extensions\Microsoft.VisualStudio.TestPlatform.Extensions.Html.TestLogger.dll
TpTrace Verbose: 0 : 77704, 1, 2024/03/29, 23:43:22.365, 10377712733443, vstest.console.dll, MetadataReaderExtensionsHelper: Discovering extensions inside assembly 'Microsoft.VisualStudio.TestPlatform.Extensions.Html.TestLogger, Version=15.0.0.0, Culture=neutral, PublicKeyToken=b03f5f7f11d50a3a' file path 'C:\Program Files\dotnet\sdk\8.0.100\Extensions\Microsoft.VisualStudio.TestPlatform.Extensions.Html.TestLogger.dll'
TpTrace Information: 0 : 77704, 1, 2024/03/29, 23:43:22.365, 10377712736723, vstest.console.dll, AssemblyResolver.OnResolve: Microsoft.VisualStudio.TestPlatform.Extensions.Trx.TestLogger: Resolving assembly.
TpTrace Information: 0 : 77704, 1, 2024/03/29, 23:43:22.365, 10377712737029, vstest.console.dll, AssemblyResolver.OnResolve: Microsoft.VisualStudio.TestPlatform.Extensions.Trx.TestLogger: Searching in: 'C:\Program Files\dotnet\sdk\8.0.100\Extensions'.
TpTrace Information: 0 : 77704, 1, 2024/03/29, 23:43:22.365, 10377712738404, vstest.console.dll, AssemblyResolver.OnResolve: Microsoft.VisualStudio.TestPlatform.Extensions.Trx.TestLogger: Loading assembly 'C:\Program Files\dotnet\sdk\8.0.100\Extensions\Microsoft.VisualStudio.TestPlatform.Extensions.Trx.TestLogger.dll'.
TpTrace Information: 0 : 77704, 1, 2024/03/29, 23:43:22.365, 10377712740554, vstest.console.dll, AssemblyResolver.OnResolve: Resolved assembly: Microsoft.VisualStudio.TestPlatform.Extensions.Trx.TestLogger, from path: C:\Program Files\dotnet\sdk\8.0.100\Extensions\Microsoft.VisualStudio.TestPlatform.Extensions.Trx.TestLogger.dll
TpTrace Verbose: 0 : 77704, 1, 2024/03/29, 23:43:22.365, 10377712740886, vstest.console.dll, MetadataReaderExtensionsHelper: Discovering extensions inside assembly 'Microsoft.VisualStudio.TestPlatform.Extensions.Trx.TestLogger, Version=15.0.0.0, Culture=neutral, PublicKeyToken=b03f5f7f11d50a3a' file path 'C:\Program Files\dotnet\sdk\8.0.100\Extensions\Microsoft.VisualStudio.TestPlatform.Extensions.Trx.TestLogger.dll'
TpTrace Verbose: 0 : 77704, 1, 2024/03/29, 23:43:22.366, 10377712745450, vstest.console.dll, TestPluginCache: Discovered the extensions using extension path ''.
TpTrace Verbose: 0 : 77704, 1, 2024/03/29, 23:43:22.366, 10377712745791, vstest.console.dll, TestPluginCache: Discoverers are ''.
TpTrace Verbose: 0 : 77704, 1, 2024/03/29, 23:43:22.366, 10377712745901, vstest.console.dll, TestPluginCache: Executors are ''.
TpTrace Verbose: 0 : 77704, 1, 2024/03/29, 23:43:22.366, 10377712746035, vstest.console.dll, TestPluginCache: Executors2 are ''.
TpTrace Verbose: 0 : 77704, 1, 2024/03/29, 23:43:22.366, 10377712746124, vstest.console.dll, TestPluginCache: Setting providers are ''.
TpTrace Verbose: 0 : 77704, 1, 2024/03/29, 23:43:22.366, 10377712746260, vstest.console.dll, TestPluginCache: Loggers are ''.
TpTrace Verbose: 0 : 77704, 1, 2024/03/29, 23:43:22.366, 10377712747169, vstest.console.dll, TestPluginCache: TestHosts are 'HostProvider://DefaultTestHost,HostProvider://DotnetTestHost'.
TpTrace Verbose: 0 : 77704, 1, 2024/03/29, 23:43:22.366, 10377712747300, vstest.console.dll, TestPluginCache: DataCollectors are ''.
TpTrace Information: 0 : 77704, 1, 2024/03/29, 23:43:22.374, 10377712826787, vstest.console.dll, RunTestsArgumentProcessor:Execute: Test run is starting.
TpTrace Verbose: 0 : 77704, 1, 2024/03/29, 23:43:22.374, 10377712827650, vstest.console.dll, RunTestsArgumentProcessor:Execute: Queuing Test run.
TpTrace Information: 0 : 77704, 1, 2024/03/29, 23:43:22.374, 10377712829336, vstest.console.dll, TestRequestManager.RunTests: run tests started.
TpTrace Information: 0 : 77704, 1, 2024/03/29, 23:43:22.375, 10377712838741, vstest.console.dll, AssemblyMetadataProvider.GetFrameworkName: Determined framework:'.NETCoreApp,Version=v6.0' for source: 'C:\Users\petko\Downloads\11.Exercise-Continuous-Integration-I-Resources\11.Exercise-Continuous-Integration-I-Resources\02-House-Renting-System-App\HouseRentingSystem.Tests\bin\Debug\net6.0\fine-code-coverage\build-output\HouseRentingSystem.Tests.dll'
TpTrace Information: 0 : 77704, 1, 2024/03/29, 23:43:22.375, 10377712841773, vstest.console.dll, Determined framework for all sources: .NETCoreApp,Version=v6.0
TpTrace Verbose: 0 : 77704, 1, 2024/03/29, 23:43:22.376, 10377712844274, vstest.console.dll, TestRequestManager.UpdateRunSettingsIfRequired: Default architecture: X64 IsDefaultTargetArchitecture: True, Current process architecture: X64 OperatingSystem: Windows.
TpTrace Information: 0 : 77704, 1, 2024/03/29, 23:43:22.377, 10377712853708, vstest.console.dll, AssemblyMetadataProvider.GetArchitecture: Determined architecture:AnyCPU info for assembly: C:\Users\petko\Downloads\11.Exercise-Continuous-Integration-I-Resources\11.Exercise-Continuous-Integration-I-Resources\02-House-Renting-System-App\HouseRentingSystem.Tests\bin\Debug\net6.0\fine-code-coverage\build-output\HouseRentingSystem.Tests.dll
TpTrace Information: 0 : 77704, 1, 2024/03/29, 23:43:22.377, 10377712854285, vstest.console.dll, Determined platform for source 'C:\Users\petko\Downloads\11.Exercise-Continuous-Integration-I-Resources\11.Exercise-Continuous-Integration-I-Resources\02-House-Renting-System-App\HouseRentingSystem.Tests\bin\Debug\net6.0\fine-code-coverage\build-output\HouseRentingSystem.Tests.dll' was AnyCPU and it will use the default plaform X64.
TpTrace Information: 0 : 77704, 1, 2024/03/29, 23:43:22.377, 10377712854433, vstest.console.dll, None of the sources provided any runnable platform, using the default platform: X64
TpTrace Information: 0 : 77704, 1, 2024/03/29, 23:43:22.377, 10377712855247, vstest.console.dll, Platform was updated to 'X64'.
TpTrace Information: 0 : 77704, 1, 2024/03/29, 23:43:22.379, 10377712877745, vstest.console.dll, InferRunSettingsHelper.IsTestSettingsEnabled: Unable to navigate to RunSettings/MSTest. Current node: RunSettings
TpTrace Information: 0 : 77704, 1, 2024/03/29, 23:43:22.379, 10377712881342, vstest.console.dll, AssemblyResolver.OnResolve: Microsoft.VisualStudio.TestPlatform.Fakes: Resolving assembly.
TpTrace Information: 0 : 77704, 1, 2024/03/29, 23:43:22.379, 10377712881718, vstest.console.dll, AssemblyResolver.OnResolve: Microsoft.VisualStudio.TestPlatform.Fakes: Searching in: 'C:\Program Files\dotnet\sdk\8.0.100\Extensions'.
TpTrace Information: 0 : 77704, 1, 2024/03/29, 23:43:22.379, 10377712882211, vstest.console.dll, AssemblyResolver.OnResolve: Microsoft.VisualStudio.TestPlatform.Fakes: Assembly path does not exist: 'C:\Program Files\dotnet\sdk\8.0.100\Extensions\Microsoft.VisualStudio.TestPlatform.Fakes.dll', returning.
TpTrace Information: 0 : 77704, 1, 2024/03/29, 23:43:22.379, 10377712882467, vstest.console.dll, AssemblyResolver.OnResolve: Microsoft.VisualStudio.TestPlatform.Fakes: Assembly path does not exist: 'C:\Program Files\dotnet\sdk\8.0.100\Extensions\Microsoft.VisualStudio.TestPlatform.Fakes.exe', returning.
TpTrace Information: 0 : 77704, 1, 2024/03/29, 23:43:22.380, 10377712883107, vstest.console.dll, AssemblyResolver.OnResolve: Microsoft.VisualStudio.TestPlatform.Fakes: Searching in: 'C:\Program Files\dotnet\sdk\8.0.100'.
TpTrace Information: 0 : 77704, 1, 2024/03/29, 23:43:22.380, 10377712883572, vstest.console.dll, AssemblyResolver.OnResolve: Microsoft.VisualStudio.TestPlatform.Fakes: Assembly path does not exist: 'C:\Program Files\dotnet\sdk\8.0.100\Microsoft.VisualStudio.TestPlatform.Fakes.dll', returning.
TpTrace Information: 0 : 77704, 1, 2024/03/29, 23:43:22.380, 10377712883873, vstest.console.dll, AssemblyResolver.OnResolve: Microsoft.VisualStudio.TestPlatform.Fakes: Assembly path does not exist: 'C:\Program Files\dotnet\sdk\8.0.100\Microsoft.VisualStudio.TestPlatform.Fakes.exe', returning.
TpTrace Information: 0 : 77704, 1, 2024/03/29, 23:43:22.380, 10377712884006, vstest.console.dll, AssemblyResolver.OnResolve: Microsoft.VisualStudio.TestPlatform.Fakes: Failed to load assembly.
TpTrace Information: 0 : 77704, 1, 2024/03/29, 23:43:22.380, 10377712885504, vstest.console.dll, Failed to load assembly Microsoft.VisualStudio.TestPlatform.Fakes, Version=17.0.0.0, Culture=neutral. Reason:System.IO.FileNotFoundException: Could not load file or assembly 'Microsoft.VisualStudio.TestPlatform.Fakes, Version=17.0.0.0, Culture=neutral, PublicKeyToken=null'. The system cannot find the file specified.
File name: 'Microsoft.VisualStudio.TestPlatform.Fakes, Version=17.0.0.0, Culture=neutral, PublicKeyToken=null'
   at System.Reflection.RuntimeAssembly.InternalLoad(AssemblyName assemblyName, StackCrawlMark& stackMark, AssemblyLoadContext assemblyLoadContext, RuntimeAssembly requestingAssembly, Boolean throwOnFileNotFound)
   at System.Reflection.Assembly.Load(AssemblyName assemblyRef)
   at Microsoft.VisualStudio.TestPlatform.Common.Utilities.FakesUtilities.LoadTestPlatformAssembly() in /_/src/Microsoft.TestPlatform.Common/Utilities/FakesUtilities.cs:line 272
TpTrace Verbose: 0 : 77704, 1, 2024/03/29, 23:43:22.382, 10377712907392, vstest.console.dll, TestPluginCache.DiscoverTestExtensions: finding test extensions in assemblies ends with: TestLogger.dll TPluginInfo: Microsoft.VisualStudio.TestPlatform.Common.ExtensionFramework.Utilities.TestLoggerPluginInformation TExtension: Microsoft.VisualStudio.TestPlatform.ObjectModel.Client.ITestLogger
TpTrace Verbose: 0 : 77704, 1, 2024/03/29, 23:43:22.382, 10377712908020, vstest.console.dll, TestPluginCache.GetExtensionPaths: Filtered extension paths: 
TpTrace Verbose: 0 : 77704, 1, 2024/03/29, 23:43:22.382, 10377712908263, vstest.console.dll, TestPluginCache.GetExtensionPaths: Added default extension paths: C:\Program Files\dotnet\sdk\8.0.100\Extensions\Microsoft.Diagnostics.NETCore.Client.dll
C:\Program Files\dotnet\sdk\8.0.100\Extensions\Microsoft.TestPlatform.Extensions.BlameDataCollector.dll
C:\Program Files\dotnet\sdk\8.0.100\Extensions\Microsoft.TestPlatform.Extensions.EventLogCollector.dll
C:\Program Files\dotnet\sdk\8.0.100\Extensions\Microsoft.TestPlatform.TestHostRuntimeProvider.dll
C:\Program Files\dotnet\sdk\8.0.100\Extensions\Microsoft.VisualStudio.TestPlatform.Extensions.Html.TestLogger.dll
C:\Program Files\dotnet\sdk\8.0.100\Extensions\Microsoft.VisualStudio.TestPlatform.Extensions.Trx.TestLogger.dll
TpTrace Verbose: 0 : 77704, 1, 2024/03/29, 23:43:22.382, 10377712908420, vstest.console.dll, TestPluginCache.GetExtensionPaths: Added unfilterableExtensionPaths: 
TpTrace Information: 0 : 77704, 1, 2024/03/29, 23:43:22.382, 10377712909277, vstest.console.dll, AssemblyResolver.AddSearchDirectories: Adding more searchDirectories C:\Program Files\dotnet\sdk\8.0.100\Extensions,C:\Program Files\dotnet\sdk\8.0.100
TpTrace Verbose: 0 : 77704, 1, 2024/03/29, 23:43:22.382, 10377712909626, vstest.console.dll, TestPluginCache.DiscoverTestExtensions: Discovering the extensions using extension path.
TpTrace Verbose: 0 : 77704, 1, 2024/03/29, 23:43:22.382, 10377712909813, vstest.console.dll, TestPluginCache.GetExtensionPaths: Filtered extension paths: 
TpTrace Verbose: 0 : 77704, 1, 2024/03/29, 23:43:22.382, 10377712909976, vstest.console.dll, TestPluginCache.GetExtensionPaths: Added default extension paths: C:\Program Files\dotnet\sdk\8.0.100\Extensions\Microsoft.Diagnostics.NETCore.Client.dll
C:\Program Files\dotnet\sdk\8.0.100\Extensions\Microsoft.TestPlatform.Extensions.BlameDataCollector.dll
C:\Program Files\dotnet\sdk\8.0.100\Extensions\Microsoft.TestPlatform.Extensions.EventLogCollector.dll
C:\Program Files\dotnet\sdk\8.0.100\Extensions\Microsoft.TestPlatform.TestHostRuntimeProvider.dll
C:\Program Files\dotnet\sdk\8.0.100\Extensions\Microsoft.VisualStudio.TestPlatform.Extensions.Html.TestLogger.dll
C:\Program Files\dotnet\sdk\8.0.100\Extensions\Microsoft.VisualStudio.TestPlatform.Extensions.Trx.TestLogger.dll
TpTrace Verbose: 0 : 77704, 1, 2024/03/29, 23:43:22.382, 10377712910605, vstest.console.dll, TestPluginCache.GetExtensionPaths: Added unfilterableExtensionPaths: 
TpTrace Verbose: 0 : 77704, 1, 2024/03/29, 23:43:22.382, 10377712910790, vstest.console.dll, TestPluginCache.DiscoverTestExtensions: Discovering the extensions using allExtensionPaths: C:\Program Files\dotnet\sdk\8.0.100\Extensions\Microsoft.Diagnostics.NETCore.Client.dll
C:\Program Files\dotnet\sdk\8.0.100\Extensions\Microsoft.TestPlatform.Extensions.BlameDataCollector.dll
C:\Program Files\dotnet\sdk\8.0.100\Extensions\Microsoft.TestPlatform.Extensions.EventLogCollector.dll
C:\Program Files\dotnet\sdk\8.0.100\Extensions\Microsoft.TestPlatform.TestHostRuntimeProvider.dll
C:\Program Files\dotnet\sdk\8.0.100\Extensions\Microsoft.VisualStudio.TestPlatform.Extensions.Html.TestLogger.dll
C:\Program Files\dotnet\sdk\8.0.100\Extensions\Microsoft.VisualStudio.TestPlatform.Extensions.Trx.TestLogger.dll
TpTrace Information: 0 : 77704, 1, 2024/03/29, 23:43:22.382, 10377712910998, vstest.console.dll, AssemblyResolver.AddSearchDirectories: Adding more searchDirectories C:\Program Files\dotnet\sdk\8.0.100\Extensions,C:\Program Files\dotnet\sdk\8.0.100
TpTrace Information: 0 : 77704, 1, 2024/03/29, 23:43:22.382, 10377712911153, vstest.console.dll, AssemblyResolver.AddSearchDirectories: Adding more searchDirectories C:\Program Files\dotnet\sdk\8.0.100\Extensions,C:\Program Files\dotnet\sdk\8.0.100
TpTrace Information: 0 : 77704, 1, 2024/03/29, 23:43:22.382, 10377712911258, vstest.console.dll, AssemblyResolver.AddSearchDirectories: Adding more searchDirectories C:\Program Files\dotnet\sdk\8.0.100\Extensions,C:\Program Files\dotnet\sdk\8.0.100
TpTrace Information: 0 : 77704, 1, 2024/03/29, 23:43:22.382, 10377712911359, vstest.console.dll, AssemblyResolver.AddSearchDirectories: Adding more searchDirectories C:\Program Files\dotnet\sdk\8.0.100\Extensions,C:\Program Files\dotnet\sdk\8.0.100
TpTrace Information: 0 : 77704, 1, 2024/03/29, 23:43:22.382, 10377712911462, vstest.console.dll, AssemblyResolver.AddSearchDirectories: Adding more searchDirectories C:\Program Files\dotnet\sdk\8.0.100\Extensions,C:\Program Files\dotnet\sdk\8.0.100
TpTrace Information: 0 : 77704, 1, 2024/03/29, 23:43:22.382, 10377712911885, vstest.console.dll, AssemblyResolver.AddSearchDirectories: Adding more searchDirectories C:\Program Files\dotnet\sdk\8.0.100\Extensions,C:\Program Files\dotnet\sdk\8.0.100
TpTrace Verbose: 0 : 77704, 1, 2024/03/29, 23:43:22.382, 10377712912424, vstest.console.dll, MetadataReaderExtensionsHelper: Discovering extensions inside assembly 'Microsoft.Diagnostics.NETCore.Client, Version=0.2.8.21101, Culture=neutral, PublicKeyToken=31bf3856ad364e35' file path 'C:\Program Files\dotnet\sdk\8.0.100\Extensions\Microsoft.Diagnostics.NETCore.Client.dll'
TpTrace Information: 0 : 77704, 1, 2024/03/29, 23:43:22.383, 10377712916339, vstest.console.dll, AssemblyResolver.OnResolve: Microsoft.Bcl.AsyncInterfaces: Resolving assembly.
TpTrace Information: 0 : 77704, 1, 2024/03/29, 23:43:22.383, 10377712916665, vstest.console.dll, AssemblyResolver.OnResolve: Microsoft.Bcl.AsyncInterfaces: Resolved from cache.
TpTrace Verbose: 0 : 77704, 1, 2024/03/29, 23:43:22.383, 10377712916800, vstest.console.dll, CurrentDomainAssemblyResolve: Resolving assembly 'Microsoft.Bcl.AsyncInterfaces'.
TpTrace Information: 0 : 77704, 1, 2024/03/29, 23:43:22.383, 10377712917053, vstest.console.dll, AssemblyResolver.OnResolve: Microsoft.Bcl.AsyncInterfaces: Resolving assembly.
TpTrace Information: 0 : 77704, 1, 2024/03/29, 23:43:22.383, 10377712917162, vstest.console.dll, AssemblyResolver.OnResolve: Microsoft.Bcl.AsyncInterfaces: Resolved from cache.
TpTrace Verbose: 0 : 77704, 1, 2024/03/29, 23:43:22.383, 10377712917267, vstest.console.dll, CurrentDomainAssemblyResolve: Resolving assembly 'Microsoft.Bcl.AsyncInterfaces'.
TpTrace Verbose: 0 : 77704, 1, 2024/03/29, 23:43:22.383, 10377712917771, vstest.console.dll, CurrentDomainAssemblyResolve: Failed to resolve assembly 'Microsoft.Bcl.AsyncInterfaces'.
TpTrace Verbose: 0 : 77704, 1, 2024/03/29, 23:43:22.383, 10377712918543, vstest.console.dll, CurrentDomainAssemblyResolve: Failed to resolve assembly 'Microsoft.Bcl.AsyncInterfaces'.
TpTrace Warning: 0 : 77704, 1, 2024/03/29, 23:43:22.383, 10377712920791, vstest.console.dll, TestPluginDiscoverer: Failed to get types from assembly 'Microsoft.Diagnostics.NETCore.Client, Version=0.2.8.21101, Culture=neutral, PublicKeyToken=31bf3856ad364e35'. Error: System.Reflection.ReflectionTypeLoadException: Unable to load one or more of the requested types.
Could not load file or assembly 'Microsoft.Bcl.AsyncInterfaces, Version=1.0.0.0, Culture=neutral, PublicKeyToken=cc7b13ffcd2ddd51'. The system cannot find the file specified.
   at System.Reflection.RuntimeModule.GetTypes(RuntimeModule module)
   at System.Reflection.RuntimeModule.GetTypes()
   at Microsoft.VisualStudio.TestPlatform.Common.ExtensionFramework.TestPluginDiscoverer.GetTestExtensionsFromAssembly[TPluginInfo,TExtension](Assembly assembly, Dictionary`2 pluginInfos, String filePath) in /_/src/Microsoft.TestPlatform.Common/ExtensionFramework/TestPluginDiscoverer.cs:line 158
System.IO.FileNotFoundException: Could not load file or assembly 'Microsoft.Bcl.AsyncInterfaces, Version=1.0.0.0, Culture=neutral, PublicKeyToken=cc7b13ffcd2ddd51'. The system cannot find the file specified.
File name: 'Microsoft.Bcl.AsyncInterfaces, Version=1.0.0.0, Culture=neutral, PublicKeyToken=cc7b13ffcd2ddd51'
 ---> System.IO.FileNotFoundException: Could not load file or assembly 'Microsoft.Bcl.AsyncInterfaces, Culture=neutral, PublicKeyToken=null'. The system cannot find the file specified.
File name: 'Microsoft.Bcl.AsyncInterfaces, Culture=neutral, PublicKeyToken=null'
   at System.Reflection.RuntimeAssembly.InternalLoad(AssemblyName assemblyName, StackCrawlMark& stackMark, AssemblyLoadContext assemblyLoadContext, RuntimeAssembly requestingAssembly, Boolean throwOnFileNotFound)
   at System.Reflection.Assembly.Load(AssemblyName assemblyRef)
   at Microsoft.VisualStudio.TestPlatform.Common.ExtensionFramework.TestPluginCache.CurrentDomainAssemblyResolve(Object sender, AssemblyResolveEventArgs args) in /_/src/Microsoft.TestPlatform.Common/ExtensionFramework/TestPluginCache.cs:line 513
   at System.Runtime.Loader.AssemblyLoadContext.GetFirstResolvedAssemblyFromResolvingEvent(AssemblyName assemblyName)
   at System.Runtime.Loader.AssemblyLoadContext.ResolveUsingEvent(AssemblyName assemblyName)
   at System.Runtime.Loader.AssemblyLoadContext.ResolveUsingResolvingEvent(IntPtr gchManagedAssemblyLoadContext, AssemblyName assemblyName)
TpTrace Warning: 0 : 77704, 1, 2024/03/29, 23:43:22.383, 10377712921706, vstest.console.dll, LoaderExceptions: System.IO.FileNotFoundException: Could not load file or assembly 'Microsoft.Bcl.AsyncInterfaces, Version=1.0.0.0, Culture=neutral, PublicKeyToken=cc7b13ffcd2ddd51'. The system cannot find the file specified.
File name: 'Microsoft.Bcl.AsyncInterfaces, Version=1.0.0.0, Culture=neutral, PublicKeyToken=cc7b13ffcd2ddd51'
 ---> System.IO.FileNotFoundException: Could not load file or assembly 'Microsoft.Bcl.AsyncInterfaces, Culture=neutral, PublicKeyToken=null'. The system cannot find the file specified.
File name: 'Microsoft.Bcl.AsyncInterfaces, Culture=neutral, PublicKeyToken=null'
   at System.Reflection.RuntimeAssembly.InternalLoad(AssemblyName assemblyName, StackCrawlMark& stackMark, AssemblyLoadContext assemblyLoadContext, RuntimeAssembly requestingAssembly, Boolean throwOnFileNotFound)
   at System.Reflection.Assembly.Load(AssemblyName assemblyRef)
   at Microsoft.VisualStudio.TestPlatform.Common.ExtensionFramework.TestPluginCache.CurrentDomainAssemblyResolve(Object sender, AssemblyResolveEventArgs args) in /_/src/Microsoft.TestPlatform.Common/ExtensionFramework/TestPluginCache.cs:line 513
   at System.Runtime.Loader.AssemblyLoadContext.GetFirstResolvedAssemblyFromResolvingEvent(AssemblyName assemblyName)
   at System.Runtime.Loader.AssemblyLoadContext.ResolveUsingEvent(AssemblyName assemblyName)
   at System.Runtime.Loader.AssemblyLoadContext.ResolveUsingResolvingEvent(IntPtr gchManagedAssemblyLoadContext, AssemblyName assemblyName)
TpTrace Verbose: 0 : 77704, 1, 2024/03/29, 23:43:22.383, 10377712922261, vstest.console.dll, MetadataReaderExtensionsHelper: Discovering extensions inside assembly 'Microsoft.TestPlatform.Extensions.BlameDataCollector, Version=15.0.0.0, Culture=neutral, PublicKeyToken=b03f5f7f11d50a3a' file path 'C:\Program Files\dotnet\sdk\8.0.100\Extensions\Microsoft.TestPlatform.Extensions.BlameDataCollector.dll'
TpTrace Information: 0 : 77704, 1, 2024/03/29, 23:43:22.384, 10377712925090, vstest.console.dll, GetTestExtensionFromType: Register extension with identifier data 'logger://Microsoft/TestPlatform/Extensions/Blame/v1' and type 'Microsoft.TestPlatform.Extensions.BlameDataCollector.BlameLogger, Microsoft.TestPlatform.Extensions.BlameDataCollector, Version=15.0.0.0, Culture=neutral, PublicKeyToken=b03f5f7f11d50a3a' inside file 'C:\Program Files\dotnet\sdk\8.0.100\Extensions\Microsoft.TestPlatform.Extensions.BlameDataCollector.dll'
TpTrace Verbose: 0 : 77704, 1, 2024/03/29, 23:43:22.384, 10377712925504, vstest.console.dll, MetadataReaderExtensionsHelper: Discovering extensions inside assembly 'Microsoft.TestPlatform.Extensions.EventLogCollector, Version=15.0.0.0, Culture=neutral, PublicKeyToken=b03f5f7f11d50a3a' file path 'C:\Program Files\dotnet\sdk\8.0.100\Extensions\Microsoft.TestPlatform.Extensions.EventLogCollector.dll'
TpTrace Verbose: 0 : 77704, 1, 2024/03/29, 23:43:22.384, 10377712926941, vstest.console.dll, MetadataReaderExtensionsHelper: Discovering extensions inside assembly 'Microsoft.TestPlatform.TestHostRuntimeProvider, Version=15.0.0.0, Culture=neutral, PublicKeyToken=b03f5f7f11d50a3a' file path 'C:\Program Files\dotnet\sdk\8.0.100\Extensions\Microsoft.TestPlatform.TestHostRuntimeProvider.dll'
TpTrace Verbose: 0 : 77704, 1, 2024/03/29, 23:43:22.384, 10377712928178, vstest.console.dll, MetadataReaderExtensionsHelper: Discovering extensions inside assembly 'Microsoft.VisualStudio.TestPlatform.Extensions.Html.TestLogger, Version=15.0.0.0, Culture=neutral, PublicKeyToken=b03f5f7f11d50a3a' file path 'C:\Program Files\dotnet\sdk\8.0.100\Extensions\Microsoft.VisualStudio.TestPlatform.Extensions.Html.TestLogger.dll'
TpTrace Information: 0 : 77704, 1, 2024/03/29, 23:43:22.384, 10377712931165, vstest.console.dll, GetTestExtensionFromType: Register extension with identifier data 'logger://Microsoft/TestPlatform/HtmlLogger/v1' and type 'Microsoft.VisualStudio.TestPlatform.Extensions.HtmlLogger.HtmlLogger, Microsoft.VisualStudio.TestPlatform.Extensions.Html.TestLogger, Version=15.0.0.0, Culture=neutral, PublicKeyToken=b03f5f7f11d50a3a' inside file 'C:\Program Files\dotnet\sdk\8.0.100\Extensions\Microsoft.VisualStudio.TestPlatform.Extensions.Html.TestLogger.dll'
TpTrace Verbose: 0 : 77704, 1, 2024/03/29, 23:43:22.384, 10377712931627, vstest.console.dll, MetadataReaderExtensionsHelper: Discovering extensions inside assembly 'Microsoft.VisualStudio.TestPlatform.Extensions.Trx.TestLogger, Version=15.0.0.0, Culture=neutral, PublicKeyToken=b03f5f7f11d50a3a' file path 'C:\Program Files\dotnet\sdk\8.0.100\Extensions\Microsoft.VisualStudio.TestPlatform.Extensions.Trx.TestLogger.dll'
TpTrace Information: 0 : 77704, 1, 2024/03/29, 23:43:22.385, 10377712933362, vstest.console.dll, GetTestExtensionFromType: Register extension with identifier data 'logger://Microsoft/TestPlatform/TrxLogger/v1' and type 'Microsoft.VisualStudio.TestPlatform.Extensions.TrxLogger.TrxLogger, Microsoft.VisualStudio.TestPlatform.Extensions.Trx.TestLogger, Version=15.0.0.0, Culture=neutral, PublicKeyToken=b03f5f7f11d50a3a' inside file 'C:\Program Files\dotnet\sdk\8.0.100\Extensions\Microsoft.VisualStudio.TestPlatform.Extensions.Trx.TestLogger.dll'
TpTrace Verbose: 0 : 77704, 1, 2024/03/29, 23:43:22.385, 10377712935147, vstest.console.dll, TestPluginCache: Discovered the extensions using extension path ''.
TpTrace Verbose: 0 : 77704, 1, 2024/03/29, 23:43:22.385, 10377712935782, vstest.console.dll, TestPluginCache: Discoverers are ''.
TpTrace Verbose: 0 : 77704, 1, 2024/03/29, 23:43:22.385, 10377712936071, vstest.console.dll, TestPluginCache: Executors are ''.
TpTrace Verbose: 0 : 77704, 1, 2024/03/29, 23:43:22.385, 10377712936174, vstest.console.dll, TestPluginCache: Executors2 are ''.
TpTrace Verbose: 0 : 77704, 1, 2024/03/29, 23:43:22.385, 10377712936268, vstest.console.dll, TestPluginCache: Setting providers are ''.
TpTrace Verbose: 0 : 77704, 1, 2024/03/29, 23:43:22.385, 10377712936586, vstest.console.dll, TestPluginCache: Loggers are 'logger://Microsoft/TestPlatform/Extensions/Blame/v1,logger://Microsoft/TestPlatform/HtmlLogger/v1,logger://Microsoft/TestPlatform/TrxLogger/v1'.
TpTrace Verbose: 0 : 77704, 1, 2024/03/29, 23:43:22.385, 10377712936792, vstest.console.dll, TestPluginCache: TestHosts are 'HostProvider://DefaultTestHost,HostProvider://DotnetTestHost'.
TpTrace Verbose: 0 : 77704, 1, 2024/03/29, 23:43:22.385, 10377712936888, vstest.console.dll, TestPluginCache: DataCollectors are ''.
TpTrace Information: 0 : 77704, 1, 2024/03/29, 23:43:22.385, 10377712941800, vstest.console.dll, TestPluginManager.CreateTestExtension: Attempting to load test extension: Microsoft.TestPlatform.Extensions.BlameDataCollector.BlameLogger
TpTrace Verbose: 0 : 77704, 1, 2024/03/29, 23:43:22.390, 10377712989341, vstest.console.dll, TestEngine: Initializing Parallel Execution as MaxCpuCount is set to: 1
TpTrace Information: 0 : 77704, 1, 2024/03/29, 23:43:22.391, 10377713001074, vstest.console.dll, TestPluginManager.CreateTestExtension: Attempting to load test extension: Microsoft.VisualStudio.TestPlatform.CrossPlatEngine.Hosting.DefaultTestHostManager
TpTrace Information: 0 : 77704, 1, 2024/03/29, 23:43:22.392, 10377713005683, vstest.console.dll, TestPluginManager.CreateTestExtension: Attempting to load test extension: Microsoft.VisualStudio.TestPlatform.CrossPlatEngine.Hosting.DotnetTestHostManager
TpTrace Information: 0 : 77704, 1, 2024/03/29, 23:43:22.392, 10377713009174, vstest.console.dll, InferRunSettingsHelper.IsTestSettingsEnabled: Unable to navigate to RunSettings/MSTest. Current node: RunSettings
TpTrace Verbose: 0 : 77704, 1, 2024/03/29, 23:43:22.393, 10377713012844, vstest.console.dll, ParallelOperationManager.ClearSlots: Clearing all slots. Slots should accept more work: True
TpTrace Verbose: 0 : 77704, 1, 2024/03/29, 23:43:22.393, 10377713016836, vstest.console.dll, ParallelOperationManager.SetOccupiedSlotCount: Setting slot counts AvailableSlotCount = 1, OccupiedSlotCount = 0.
TpTrace Verbose: 0 : 77704, 1, 2024/03/29, 23:43:22.393, 10377713019682, vstest.console.dll, Occupied slots:

TpTrace Verbose: 0 : 77704, 1, 2024/03/29, 23:43:22.395, 10377713039645, vstest.console.dll, TestEngine.GetExecutionManager: Chosen execution manager 'Microsoft.VisualStudio.TestPlatform.CrossPlatEngine.Client.Parallel.ParallelProxyExecutionManager, Microsoft.TestPlatform.CrossPlatEngine, Version=15.0.0.0, Culture=neutral, PublicKeyToken=b03f5f7f11d50a3a' ParallelLevel '1'.
TpTrace Verbose: 0 : 77704, 1, 2024/03/29, 23:43:22.395, 10377713040403, vstest.console.dll, TestRunRequest.ExecuteAsync: Creating test run request.
TpTrace Verbose: 0 : 77704, 1, 2024/03/29, 23:43:22.395, 10377713041517, vstest.console.dll, TestRunRequest.ExecuteAsync: Starting.
TpTrace Information: 0 : 77704, 1, 2024/03/29, 23:43:22.396, 10377713049368, vstest.console.dll, TestRunRequest.ExecuteAsync: Starting run with settings:TestRunCriteria:
   KeepAlive=False,FrequencyOfRunStatsChangeEvent=10,RunStatsChangeEventTimeout=00:00:01.5000000,TestCaseFilter=,TestExecutorLauncher=
   Settingsxml=<RunSettings>
  <RunConfiguration>
    <ResultsDirectory>C:\Users\petko\Downloads\11.Exercise-Continuous-Integration-I-Resources\11.Exercise-Continuous-Integration-I-Resources\02-House-Renting-System-App\HouseRentingSystem.Tests\bin\Debug\net6.0\fine-code-coverage\coverage-tool-output</ResultsDirectory>
    <TargetPlatform>X64</TargetPlatform>
    <TargetFrameworkVersion>.NETCoreApp,Version=v6.0</TargetFrameworkVersion>
    <DesignMode>False</DesignMode>
    <CollectSourceInformation>False</CollectSourceInformation>
  </RunConfiguration>
  <LoggerRunSettings>
    <Loggers>
      <Logger friendlyName="blame" enabled="True" />
      <Logger friendlyName="Console" uri="logger://microsoft/TestPlatform/ConsoleLogger/v1" assemblyQualifiedName="Microsoft.VisualStudio.TestPlatform.CommandLine.Internal.ConsoleLogger, vstest.console, Version=15.0.0.0, Culture=neutral, PublicKeyToken=b03f5f7f11d50a3a" codeBase="C:\Program Files\dotnet\sdk\8.0.100\vstest.console.dll" enabled="True" />
    </Loggers>
  </LoggerRunSettings>
  <DataCollectionRunSettings>
    <DataCollectors>
      <DataCollector friendlyName="blame" enabled="True">
        <Configuration>
          <ResultsDirectory>C:\Users\petko\Downloads\11.Exercise-Continuous-Integration-I-Resources\11.Exercise-Continuous-Integration-I-Resources\02-House-Renting-System-App\HouseRentingSystem.Tests\bin\Debug\net6.0\fine-code-coverage\coverage-tool-output</ResultsDirectory>
        </Configuration>
      </DataCollector>
    </DataCollectors>
  </DataCollectionRunSettings>
</RunSettings>

TpTrace Verbose: 0 : 77704, 1, 2024/03/29, 23:43:22.396, 10377713050856, vstest.console.dll, TestRunRequest.ExecuteAsync: Wait for the first run request is over.
TpTrace Verbose: 0 : 77704, 1, 2024/03/29, 23:43:22.396, 10377713052775, vstest.console.dll, MulticastDelegateUtilities.SafeInvoke: TestRun.TestRunStart: Invoking callbacks was skipped because there are no subscribers.
TpTrace Verbose: 0 : 77704, 4, 2024/03/29, 23:43:22.397, 10377713053861, vstest.console.dll, MulticastDelegateUtilities.SafeInvoke: InternalTestLoggerEvents.SendTestRunStart: Invoking callback 1/1 for Microsoft.VisualStudio.TestPlatform.CommandLine.Internal.ConsoleLogger., took 0 ms.
TpTrace Verbose: 0 : 77704, 1, 2024/03/29, 23:43:22.397, 10377713058895, vstest.console.dll, ParallelProxyExecutionManager: Start execution. Total sources: 1
TpTrace Verbose: 0 : 77704, 1, 2024/03/29, 23:43:22.397, 10377713061817, vstest.console.dll, ParallelOperationManager.StartWork: Starting adding 1 workloads.
TpTrace Verbose: 0 : 77704, 1, 2024/03/29, 23:43:22.397, 10377713062236, vstest.console.dll, ParallelOperationManager.ClearSlots: Clearing all slots. Slots should accept more work: True
TpTrace Verbose: 0 : 77704, 1, 2024/03/29, 23:43:22.397, 10377713062548, vstest.console.dll, ParallelOperationManager.SetOccupiedSlotCount: Setting slot counts AvailableSlotCount = 1, OccupiedSlotCount = 0.
TpTrace Verbose: 0 : 77704, 1, 2024/03/29, 23:43:22.397, 10377713062699, vstest.console.dll, Occupied slots:

TpTrace Verbose: 0 : 77704, 1, 2024/03/29, 23:43:22.398, 10377713071525, vstest.console.dll, TestRequestSender is acting as server.
TpTrace Verbose: 0 : 77704, 1, 2024/03/29, 23:43:22.399, 10377713078161, vstest.console.dll, ParallelOperationManager.RunWorkInParallel: Adding 1 workload to slot, remaining workloads 0.
TpTrace Verbose: 0 : 77704, 1, 2024/03/29, 23:43:22.399, 10377713078535, vstest.console.dll, ParallelOperationManager.SetOccupiedSlotCount: Setting slot counts AvailableSlotCount = 0, OccupiedSlotCount = 1.
TpTrace Verbose: 0 : 77704, 1, 2024/03/29, 23:43:22.399, 10377713079010, vstest.console.dll, Occupied slots:
0: C:\Users\petko\Downloads\11.Exercise-Continuous-Integration-I-Resources\11.Exercise-Continuous-Integration-I-Resources\02-House-Renting-System-App\HouseRentingSystem.Tests\bin\Debug\net6.0\fine-code-coverage\build-output\HouseRentingSystem.Tests.dll
TpTrace Verbose: 0 : 77704, 1, 2024/03/29, 23:43:22.400, 10377713084373, vstest.console.dll, ParallelOperationManager.RunWorkInParallel: Started host in slot number 0 for work (source): C:\Users\petko\Downloads\11.Exercise-Continuous-Integration-I-Resources\11.Exercise-Continuous-Integration-I-Resources\02-House-Renting-System-App\HouseRentingSystem.Tests\bin\Debug\net6.0\fine-code-coverage\build-output\HouseRentingSystem.Tests.dll.
TpTrace Verbose: 0 : 77704, 1, 2024/03/29, 23:43:22.400, 10377713091789, vstest.console.dll, ParallelOperationManager.RunWorkInParallel: We started 1 work items, which is the max parallel level. Won't start more work.
TpTrace Verbose: 0 : 77704, 1, 2024/03/29, 23:43:22.400, 10377713092296, vstest.console.dll, ParallelOperationManager.RunWorkInParallel: We started 1 work items in here, returning True.
TpTrace Information: 0 : 77704, 1, 2024/03/29, 23:43:22.401, 10377713093008, vstest.console.dll, TestRunRequest.ExecuteAsync: Started.
TpTrace Verbose: 0 : 77704, 5, 2024/03/29, 23:43:22.401, 10377713094272, vstest.console.dll, ParallelProxyExecutionManager.StartTestRunOnConcurrentManager: Initializing uninitialized client. Started clients: 0
TpTrace Verbose: 0 : 77704, 5, 2024/03/29, 23:43:22.401, 10377713095343, vstest.console.dll, DataCollectionRequestSender.InitializeCommunication : Initialize communication. 
TpTrace Verbose: 0 : 77704, 1, 2024/03/29, 23:43:22.401, 10377713097150, vstest.console.dll, TestRunRequest.WaitForCompletion: Waiting with timeout -1.
TpTrace Information: 0 : 77704, 5, 2024/03/29, 23:43:22.406, 10377713148178, vstest.console.dll, Listening on Endpoint : 127.0.0.1:56982
TpTrace Verbose: 0 : 77704, 5, 2024/03/29, 23:43:22.410, 10377713189458, vstest.console.dll, DotnetDataCollectionLauncher: Adding  --runtimeconfig "C:\Program Files\dotnet\sdk\8.0.100\datacollector.runtimeconfig.json" in args
TpTrace Verbose: 0 : 77704, 5, 2024/03/29, 23:43:22.410, 10377713190388, vstest.console.dll, DotnetDataCollectionLauncher: Adding  --depsfile "C:\Program Files\dotnet\sdk\8.0.100\datacollector.deps.json" in args
TpTrace Verbose: 0 : 77704, 5, 2024/03/29, 23:43:22.410, 10377713191213, vstest.console.dll, DotnetDataCollectionLauncher: Full path of dotnet.exe is C:\Program Files\dotnet\dotnet.exe
TpTrace Information: 0 : 77704, 5, 2024/03/29, 23:43:22.423, 10377713315157, vstest.console.dll, ProxyDataCollectionManager.Initialize: Launched datacollector processId: 2160 port: 56982
TpTrace Information: 0 : 77704, 5, 2024/03/29, 23:43:22.423, 10377713316599, vstest.console.dll, ProxyDataCollectionManager.Initialize: waiting for connection with timeout: 90 seconds
TpTrace Verbose: 0 : 77704, 5, 2024/03/29, 23:43:22.423, 10377713317162, vstest.console.dll, DataCollectionRequestSender.WaitForRequestHandlerConnection : Waiting for connection with timeout: 90000
TpTrace Information: 0 : 77704, 7, 2024/03/29, 23:43:22.516, 10377714248180, vstest.console.dll, Using the buffer size of 16384 bytes
TpTrace Verbose: 0 : 77704, 5, 2024/03/29, 23:43:22.516, 10377714248381, vstest.console.dll, SocketCommunicationManager.WaitForClientConnection took: 93 ms, with 90000 ms timeout, and finished with True.
TpTrace Information: 0 : 77704, 7, 2024/03/29, 23:43:22.516, 10377714249193, vstest.console.dll, Accepted Client request and set the flag
TpTrace Verbose: 0 : 77704, 5, 2024/03/29, 23:43:22.516, 10377714250068, vstest.console.dll, ProxyDataCollectionManager.InvokeDataCollectionServiceAction: Starting.
TpTrace Information: 0 : 77704, 5, 2024/03/29, 23:43:22.516, 10377714252455, vstest.console.dll, ProxyDataCollectionManager.BeforeTestRunStart: Get environment variable and port for datacollector processId: 2160 port: 56982
TpTrace Verbose: 0 : 77704, 5, 2024/03/29, 23:43:22.517, 10377714254336, vstest.console.dll, DataCollectionRequestSender.SendBeforeTestRunStartAndGetResult: Send BeforeTestRunStart message with settingsXml <RunSettings><RunConfiguration><ResultsDirectory>C:\Users\petko\Downloads\11.Exercise-Continuous-Integration-I-Resources\11.Exercise-Continuous-Integration-I-Resources\02-House-Renting-System-App\HouseRentingSystem.Tests\bin\Debug\net6.0\fine-code-coverage\coverage-tool-output</ResultsDirectory><TargetPlatform>X64</TargetPlatform><TargetFrameworkVersion>.NETCoreApp,Version=v6.0</TargetFrameworkVersion><DesignMode>False</DesignMode><CollectSourceInformation>False</CollectSourceInformation><TestAdaptersPaths>C:\Program Files\dotnet\sdk\8.0.100\Extensions</TestAdaptersPaths></RunConfiguration><LoggerRunSettings><Loggers><Logger friendlyName="blame" enabled="True" /><Logger friendlyName="Console" uri="logger://microsoft/TestPlatform/ConsoleLogger/v1" assemblyQualifiedName="Microsoft.VisualStudio.TestPlatform.CommandLine.Internal.ConsoleLogger, vstest.console, Version=15.0.0.0, Culture=neutral, PublicKeyToken=b03f5f7f11d50a3a" codeBase="C:\Program Files\dotnet\sdk\8.0.100\vstest.console.dll" enabled="True" /></Loggers></LoggerRunSettings><DataCollectionRunSettings><DataCollectors><DataCollector friendlyName="blame" enabled="True"><Configuration><ResultsDirectory>C:\Users\petko\Downloads\11.Exercise-Continuous-Integration-I-Resources\11.Exercise-Continuous-Integration-I-Resources\02-House-Renting-System-App\HouseRentingSystem.Tests\bin\Debug\net6.0\fine-code-coverage\coverage-tool-output</ResultsDirectory></Configuration></DataCollector></DataCollectors></DataCollectionRunSettings></RunSettings> and sources System.Collections.Generic.List`1[System.String]: 
TpTrace Verbose: 0 : 77704, 5, 2024/03/29, 23:43:22.553, 10377714618222, vstest.console.dll, DataCollectionRequestSender.SendBeforeTestRunStartAndGetResult: Received message: (DataCollection.SendMessage) -> {"MessageType":"DataCollection.SendMessage","Payload":{"FriendlyName":null,"Uri":null,"TestCaseId":"00000000-0000-0000-0000-000000000000","Message":"Logging DataCollector Diagnostics in file: C:\\Users\\petko\\Downloads\\11.Exercise-Continuous-Integration-I-Resources\\11.Exercise-Continuous-Integration-I-Resources\\02-House-Renting-System-App\\HouseRentingSystem.Tests\\bin\\Debug\\net6.0\\fine-code-coverage\\coverage-tool-output\\diagnostics.datacollector.24-03-29_23-43-22_41049_5.log","Level":0}}
TpTrace Verbose: 0 : 77704, 5, 2024/03/29, 23:43:22.605, 10377715139681, vstest.console.dll, DataCollectionRequestSender.SendBeforeTestRunStartAndGetResult: Received message: (DataCollection.BeforeTestRunStartResult) -> {"MessageType":"DataCollection.BeforeTestRunStartResult","Payload":{"EnvironmentVariables":{},"DataCollectionEventsPort":56986}}
TpTrace Information: 0 : 77704, 5, 2024/03/29, 23:43:22.610, 10377715186657, vstest.console.dll, ProxyDataCollectionManager.BeforeTestRunStart: SendBeforeTestRunStartAndGetResult successful, env variable from datacollector:   and testhost port: 56986
TpTrace Information: 0 : 77704, 5, 2024/03/29, 23:43:22.610, 10377715187342, vstest.console.dll, ProxyDataCollectionManager.InvokeDataCollectionServiceAction: Completed.
TpTrace Verbose: 0 : 77704, 5, 2024/03/29, 23:43:22.610, 10377715187569, vstest.console.dll, ParallelProxyExecutionManager.StartTestRunOnConcurrentManager: Initializing test run. Started clients: 0
TpTrace Verbose: 0 : 77704, 5, 2024/03/29, 23:43:22.610, 10377715188103, vstest.console.dll, ProxyExecutionManager: Test host is always Lazy initialize.
TpTrace Verbose: 0 : 77704, 5, 2024/03/29, 23:43:22.610, 10377715189286, vstest.console.dll, TestRequestSender.InitializeCommunication: initialize communication. 
TpTrace Information: 0 : 77704, 5, 2024/03/29, 23:43:22.610, 10377715192413, vstest.console.dll, SocketServer.Start: Listening on endpoint : 127.0.0.1:56987
TpTrace Verbose: 0 : 77704, 5, 2024/03/29, 23:43:22.611, 10377715197994, vstest.console.dll, DotnetTestHostmanager.GetTestHostProcessStartInfo: Platform environment 'X64' target architecture 'X64' framework '.NETCoreApp,Version=v6.0' OS 'Windows'
TpTrace Verbose: 0 : 77704, 5, 2024/03/29, 23:43:22.611, 10377715199278, vstest.console.dll, DotnetTestHostmanager: File C:\Users\petko\Downloads\11.Exercise-Continuous-Integration-I-Resources\11.Exercise-Continuous-Integration-I-Resources\02-House-Renting-System-App\HouseRentingSystem.Tests\bin\Debug\net6.0\fine-code-coverage\build-output\HouseRentingSystem.Tests.runtimeconfig.json, does not exist
TpTrace Verbose: 0 : 77704, 5, 2024/03/29, 23:43:22.611, 10377715200293, vstest.console.dll, DotnetTestHostmanager: Adding  --depsfile "C:\Users\petko\Downloads\11.Exercise-Continuous-Integration-I-Resources\11.Exercise-Continuous-Integration-I-Resources\02-House-Renting-System-App\HouseRentingSystem.Tests\bin\Debug\net6.0\fine-code-coverage\build-output\HouseRentingSystem.Tests.deps.json" in args
TpTrace Verbose: 0 : 77704, 5, 2024/03/29, 23:43:22.611, 10377715201530, vstest.console.dll, DotnetTestHostmanager.IsWinOnArm: Current PROCESSOR_ARCHITECTURE from environment variable 'AMD64'
TpTrace Verbose: 0 : 77704, 5, 2024/03/29, 23:43:22.611, 10377715201870, vstest.console.dll, DotnetTestHostmanager.IsWinOnArm: Is Windows on ARM 'False'
TpTrace Verbose: 0 : 77704, 5, 2024/03/29, 23:43:22.611, 10377715202662, vstest.console.dll, DotnetTestHostManager: testhost.exe found at path: C:\Users\petko\Downloads\11.Exercise-Continuous-Integration-I-Resources\11.Exercise-Continuous-Integration-I-Resources\02-House-Renting-System-App\HouseRentingSystem.Tests\bin\Debug\net6.0\fine-code-coverage\build-output\testhost.exe
TpTrace Verbose: 0 : 77704, 5, 2024/03/29, 23:43:22.612, 10377715202871, vstest.console.dll, DotnetTestHostmanager: Full path of host exe is C:\Users\petko\Downloads\11.Exercise-Continuous-Integration-I-Resources\11.Exercise-Continuous-Integration-I-Resources\02-House-Renting-System-App\HouseRentingSystem.Tests\bin\Debug\net6.0\fine-code-coverage\build-output\testhost.exe
TpTrace Verbose: 0 : 77704, 5, 2024/03/29, 23:43:22.612, 10377715203531, vstest.console.dll, DotnetTestHostmanager.LaunchTestHostAsync: Found 'VSTEST_WINAPPHOST_DOTNET_ROOT' in env variables, value 'C:\Program Files\dotnet', forwarding to 'DOTNET_ROOT'
TpTrace Verbose: 0 : 77704, 5, 2024/03/29, 23:43:22.612, 10377715204202, vstest.console.dll, DotnetTestHostManager: Starting process 'C:\Users\petko\Downloads\11.Exercise-Continuous-Integration-I-Resources\11.Exercise-Continuous-Integration-I-Resources\02-House-Renting-System-App\HouseRentingSystem.Tests\bin\Debug\net6.0\fine-code-coverage\build-output\testhost.exe' with command line ' --depsfile "C:\Users\petko\Downloads\11.Exercise-Continuous-Integration-I-Resources\11.Exercise-Continuous-Integration-I-Resources\02-House-Renting-System-App\HouseRentingSystem.Tests\bin\Debug\net6.0\fine-code-coverage\build-output\HouseRentingSystem.Tests.deps.json" --port 56987 --endpoint 127.0.0.1:056987 --role client --parentprocessid 77704 --diag "C:\Users\petko\Downloads\11.Exercise-Continuous-Integration-I-Resources\11.Exercise-Continuous-Integration-I-Resources\02-House-Renting-System-App\HouseRentingSystem.Tests\bin\Debug\net6.0\fine-code-coverage\coverage-tool-output\diagnostics.host.24-03-29_23-43-22_61118_5.log" --tracelevel 4 --datacollectionport 56986 --telemetryoptedin false'
TpTrace Verbose: 0 : 77704, 5, 2024/03/29, 23:43:22.627, 10377715356378, vstest.console.dll, MulticastDelegateUtilities.SafeInvoke: HostProviderEvents.OnHostLaunched: Invoking callback 1/2 for Microsoft.VisualStudio.TestPlatform.CrossPlatEngine.Client.ProxyExecutionManagerWithDataCollection., took 0 ms.
TpTrace Verbose: 0 : 77704, 5, 2024/03/29, 23:43:22.627, 10377715358660, vstest.console.dll, Test Runtime launched
TpTrace Verbose: 0 : 77704, 5, 2024/03/29, 23:43:22.627, 10377715359102, vstest.console.dll, MulticastDelegateUtilities.SafeInvoke: HostProviderEvents.OnHostLaunched: Invoking callback 2/2 for Microsoft.VisualStudio.TestPlatform.CrossPlatEngine.Client.ProxyOperationManager., took 0 ms.
TpTrace Verbose: 0 : 77704, 5, 2024/03/29, 23:43:22.627, 10377715359765, vstest.console.dll, TestRequestSender.WaitForRequestHandlerConnection: waiting for connection with timeout: 90000.
TpTrace Verbose: 0 : 77704, 12, 2024/03/29, 23:43:22.652, 10377715606446, vstest.console.dll, TestHostManagerCallbacks.ctor: Experimental forwarding output is disabled.
TpTrace Warning: 0 : 77704, 12, 2024/03/29, 23:43:22.652, 10377715607267, vstest.console.dll, TestHostManagerCallbacks.ErrorReceivedCallback Test host standard error line: A fatal error was encountered. The library 'hostpolicy.dll' required to execute the application was not found in 'C:\Program Files\dotnet'.
TpTrace Verbose: 0 : 77704, 12, 2024/03/29, 23:43:22.652, 10377715607709, vstest.console.dll, TestHostManagerCallbacks.ctor: Experimental forwarding output is disabled.
TpTrace Warning: 0 : 77704, 12, 2024/03/29, 23:43:22.652, 10377715608279, vstest.console.dll, TestHostManagerCallbacks.ErrorReceivedCallback Test host standard error line: Failed to run as a self-contained app.
TpTrace Verbose: 0 : 77704, 12, 2024/03/29, 23:43:22.652, 10377715608414, vstest.console.dll, TestHostManagerCallbacks.ctor: Experimental forwarding output is disabled.
TpTrace Warning: 0 : 77704, 12, 2024/03/29, 23:43:22.652, 10377715608517, vstest.console.dll, TestHostManagerCallbacks.ErrorReceivedCallback Test host standard error line:   - The application was run as a self-contained app because 'C:\Users\petko\Downloads\11.Exercise-Continuous-Integration-I-Resources\11.Exercise-Continuous-Integration-I-Resources\02-House-Renting-System-App\HouseRentingSystem.Tests\bin\Debug\net6.0\fine-code-coverage\build-output\testhost.runtimeconfig.json' was not found.
TpTrace Verbose: 0 : 77704, 12, 2024/03/29, 23:43:22.652, 10377715608722, vstest.console.dll, TestHostManagerCallbacks.ctor: Experimental forwarding output is disabled.
TpTrace Warning: 0 : 77704, 12, 2024/03/29, 23:43:22.652, 10377715608815, vstest.console.dll, TestHostManagerCallbacks.ErrorReceivedCallback Test host standard error line:   - If this should be a framework-dependent app, add the 'C:\Users\petko\Downloads\11.Exercise-Continuous-Integration-I-Resources\11.Exercise-Continuous-Integration-I-Resources\02-House-Renting-System-App\HouseRentingSystem.Tests\bin\Debug\net6.0\fine-code-coverage\build-output\testhost.runtimeconfig.json' file and specify the appropriate framework.
TpTrace Verbose: 0 : 77704, 12, 2024/03/29, 23:43:22.652, 10377715611750, vstest.console.dll, TestHostManagerCallbacks.ctor: Experimental forwarding output is disabled.
TpTrace Warning: 0 : 77704, 12, 2024/03/29, 23:43:22.652, 10377715612329, vstest.console.dll, TestHostManagerCallbacks.ErrorReceivedCallback Test host standard error line: 
TpTrace Verbose: 0 : 77704, 12, 2024/03/29, 23:43:22.653, 10377715621662, vstest.console.dll, TestHostProvider.ExitCallBack: Host exited starting callback.
TpTrace Error: 0 : 77704, 12, 2024/03/29, 23:43:22.653, 10377715622521, vstest.console.dll, TestHostManagerCallbacks.ExitCallBack: Testhost processId: 61652 exited with exitcode: -2147450749 error: 'A fatal error was encountered. The library 'hostpolicy.dll' required to execute the application was not found in 'C:\Program Files\dotnet'.
Failed to run as a self-contained app.
  - The application was run as a self-contained app because 'C:\Users\petko\Downloads\11.Exercise-Continuous-Integration-I-Resources\11.Exercise-Continuous-Integration-I-Resources\02-House-Renting-System-App\HouseRentingSystem.Tests\bin\Debug\net6.0\fine-code-coverage\build-output\testhost.runtimeconfig.json' was not found.
  - If this should be a framework-dependent app, add the 'C:\Users\petko\Downloads\11.Exercise-Continuous-Integration-I-Resources\11.Exercise-Continuous-Integration-I-Resources\02-House-Renting-System-App\HouseRentingSystem.Tests\bin\Debug\net6.0\fine-code-coverage\build-output\testhost.runtimeconfig.json' file and specify the appropriate framework.
'
TpTrace Verbose: 0 : 77704, 12, 2024/03/29, 23:43:22.654, 10377715622775, vstest.console.dll, DotnetTestHostManager.OnHostExited: invoking OnHostExited callback
TpTrace Verbose: 0 : 77704, 12, 2024/03/29, 23:43:22.654, 10377715623038, vstest.console.dll, CrossPlatEngine.TestHostManagerHostExited: calling on client process exit callback.
TpTrace Information: 0 : 77704, 12, 2024/03/29, 23:43:22.654, 10377715623348, vstest.console.dll, TestRequestSender.OnClientProcessExit: Test host process exited. Standard error: A fatal error was encountered. The library 'hostpolicy.dll' required to execute the application was not found in 'C:\Program Files\dotnet'.
Failed to run as a self-contained app.
  - The application was run as a self-contained app because 'C:\Users\petko\Downloads\11.Exercise-Continuous-Integration-I-Resources\11.Exercise-Continuous-Integration-I-Resources\02-House-Renting-System-App\HouseRentingSystem.Tests\bin\Debug\net6.0\fine-code-coverage\build-output\testhost.runtimeconfig.json' was not found.
  - If this should be a framework-dependent app, add the 'C:\Users\petko\Downloads\11.Exercise-Continuous-Integration-I-Resources\11.Exercise-Continuous-Integration-I-Resources\02-House-Renting-System-App\HouseRentingSystem.Tests\bin\Debug\net6.0\fine-code-coverage\build-output\testhost.runtimeconfig.json' file and specify the appropriate framework.

TpTrace Information: 0 : 77704, 12, 2024/03/29, 23:43:22.654, 10377715623964, vstest.console.dll, SocketServer.Stop: Stop server endPoint: 127.0.0.1:56987
TpTrace Verbose: 0 : 77704, 5, 2024/03/29, 23:43:22.654, 10377715624031, vstest.console.dll, TestRequestSender.WaitForRequestHandlerConnection: waiting took 26 ms, with timeout 90000 ms, and result 2, which is failure.
TpTrace Information: 0 : 77704, 12, 2024/03/29, 23:43:22.654, 10377715624133, vstest.console.dll, SocketServer.Stop: Cancellation requested. Stopping message loop.
TpTrace Verbose: 0 : 77704, 5, 2024/03/29, 23:43:22.654, 10377715624889, vstest.console.dll, Test host failed to start Test host launched:True test host exited: True
TpTrace Verbose: 0 : 77704, 12, 2024/03/29, 23:43:22.654, 10377715625401, vstest.console.dll, MulticastDelegateUtilities.SafeInvoke: HostProviderEvents.OnHostExited: Invoking callback 1/1 for Microsoft.VisualStudio.TestPlatform.CrossPlatEngine.Client.ProxyOperationManager., took 0 ms.
TpTrace Error: 0 : 77704, 5, 2024/03/29, 23:43:22.654, 10377715632412, vstest.console.dll, ProxyExecutionManager.StartTestRun: Failed to start test run: Microsoft.VisualStudio.TestPlatform.ObjectModel.TestPlatformException: Testhost process for source(s) 'C:\Users\petko\Downloads\11.Exercise-Continuous-Integration-I-Resources\11.Exercise-Continuous-Integration-I-Resources\02-House-Renting-System-App\HouseRentingSystem.Tests\bin\Debug\net6.0\fine-code-coverage\build-output\HouseRentingSystem.Tests.dll' exited with error: A fatal error was encountered. The library 'hostpolicy.dll' required to execute the application was not found in 'C:\Program Files\dotnet'.
Failed to run as a self-contained app.
  - The application was run as a self-contained app because 'C:\Users\petko\Downloads\11.Exercise-Continuous-Integration-I-Resources\11.Exercise-Continuous-Integration-I-Resources\02-House-Renting-System-App\HouseRentingSystem.Tests\bin\Debug\net6.0\fine-code-coverage\build-output\testhost.runtimeconfig.json' was not found.
  - If this should be a framework-dependent app, add the 'C:\Users\petko\Downloads\11.Exercise-Continuous-Integration-I-Resources\11.Exercise-Continuous-Integration-I-Resources\02-House-Renting-System-App\HouseRentingSystem.Tests\bin\Debug\net6.0\fine-code-coverage\build-output\testhost.runtimeconfig.json' file and specify the appropriate framework.
. Please check the diagnostic logs for more information.
   at Microsoft.VisualStudio.TestPlatform.CrossPlatEngine.Client.ProxyOperationManager.ThrowOnTestHostExited(IEnumerable`1 sources, Boolean testHostExited) in /_/src/Microsoft.TestPlatform.CrossPlatEngine/Client/ProxyOperationManager.cs:line 520
   at Microsoft.VisualStudio.TestPlatform.CrossPlatEngine.Client.ProxyOperationManager.SetupChannel(IEnumerable`1 sources, String runSettings) in /_/src/Microsoft.TestPlatform.CrossPlatEngine/Client/ProxyOperationManager.cs:line 290
   at Microsoft.VisualStudio.TestPlatform.CrossPlatEngine.Client.ProxyExecutionManager.InitializeTestRun(TestRunCriteria testRunCriteria, IInternalTestRunEventsHandler eventHandler) in /_/src/Microsoft.TestPlatform.CrossPlatEngine/Client/ProxyExecutionManager.cs:line 182
TpTrace Verbose: 0 : 77704, 5, 2024/03/29, 23:43:22.655, 10377715639010, vstest.console.dll, TestRunRequest:SendTestRunMessage: Starting.
TpTrace Verbose: 0 : 77704, 5, 2024/03/29, 23:43:22.655, 10377715639929, vstest.console.dll, MulticastDelegateUtilities.SafeInvoke: TestRun.LogMessages: Invoking callback 1/1 for Microsoft.VisualStudio.TestPlatform.CommandLine.TestRunResultAggregator., took 0 ms.
TpTrace Information: 0 : 77704, 5, 2024/03/29, 23:43:22.655, 10377715640127, vstest.console.dll, TestRunRequest:SendTestRunMessage: Completed.
TpTrace Verbose: 0 : 77704, 4, 2024/03/29, 23:43:22.655, 10377715642056, vstest.console.dll, MulticastDelegateUtilities.SafeInvoke: InternalTestLoggerEvents.SendTestRunMessage: Invoking callback 1/1 for Microsoft.VisualStudio.TestPlatform.CommandLine.Internal.ConsoleLogger., took 0 ms.
TpTrace Verbose: 0 : 77704, 5, 2024/03/29, 23:43:22.659, 10377715680840, vstest.console.dll, TestRequestSender.EndSession: Sending end session.
TpTrace Verbose: 0 : 77704, 5, 2024/03/29, 23:43:22.659, 10377715681242, vstest.console.dll, ProxyOperationManager.Close: waiting for test host to exit for 100 ms
TpTrace Information: 0 : 77704, 5, 2024/03/29, 23:43:22.659, 10377715681480, vstest.console.dll, SocketServer.Stop: Stop server endPoint: 127.0.0.1:56987
TpTrace Information: 0 : 77704, 5, 2024/03/29, 23:43:22.659, 10377715681581, vstest.console.dll, SocketServer.Stop: Cancellation requested. Stopping message loop.
TpTrace Information: 0 : 77704, 5, 2024/03/29, 23:43:22.659, 10377715681746, vstest.console.dll, Closing the connection
TpTrace Verbose: 0 : 77704, 5, 2024/03/29, 23:43:22.660, 10377715684080, vstest.console.dll, ParallelProxyExecutionManager: HandlePartialRunComplete: Total workloads = 1, Total started clients = 1 Total completed clients = 1, Run complete = True, Run canceled: False.
TpTrace Verbose: 0 : 77704, 5, 2024/03/29, 23:43:22.660, 10377715684348, vstest.console.dll, ParallelProxyExecutionManager: HandlePartialRunComplete: All runs completed stopping all managers.
TpTrace Verbose: 0 : 77704, 5, 2024/03/29, 23:43:22.660, 10377715684494, vstest.console.dll, ParallelOperationManager.StopAllManagers: Stopping all managers.
TpTrace Verbose: 0 : 77704, 5, 2024/03/29, 23:43:22.660, 10377715684601, vstest.console.dll, ParallelOperationManager.ClearSlots: Clearing all slots. Slots should accept more work: False
TpTrace Verbose: 0 : 77704, 5, 2024/03/29, 23:43:22.660, 10377715684785, vstest.console.dll, ParallelOperationManager.SetOccupiedSlotCount: Setting slot counts AvailableSlotCount = 1, OccupiedSlotCount = 0.
TpTrace Verbose: 0 : 77704, 5, 2024/03/29, 23:43:22.660, 10377715684915, vstest.console.dll, Occupied slots:

TpTrace Verbose: 0 : 77704, 4, 2024/03/29, 23:43:22.669, 10377715773420, vstest.console.dll, MulticastDelegateUtilities.SafeInvoke: InternalTestLoggerEvents.SendTestRunComplete: Invoking callback 1/2 for Microsoft.TestPlatform.Extensions.BlameDataCollector.BlameLogger., took 0 ms.
TpTrace Verbose: 0 : 77704, 4, 2024/03/29, 23:43:22.671, 10377715794917, vstest.console.dll, MulticastDelegateUtilities.SafeInvoke: InternalTestLoggerEvents.SendTestRunComplete: Invoking callback 2/2 for Microsoft.VisualStudio.TestPlatform.CommandLine.Internal.ConsoleLogger., took 2 ms.
TpTrace Verbose: 0 : 77704, 5, 2024/03/29, 23:43:22.671, 10377715797551, vstest.console.dll, TestRunRequest:TestRunComplete: Starting. IsAborted:True IsCanceled:False.
TpTrace Verbose: 0 : 77704, 5, 2024/03/29, 23:43:22.671, 10377715798595, vstest.console.dll, ParallelOperationManager.DoActionOnAllManagers: Calling an action on all managers.
TpTrace Verbose: 0 : 77704, 5, 2024/03/29, 23:43:22.672, 10377715803453, vstest.console.dll, TestLoggerManager.HandleTestRunComplete: Ignoring as the object is disposed.
TpTrace Verbose: 0 : 77704, 5, 2024/03/29, 23:43:22.672, 10377715803869, vstest.console.dll, MulticastDelegateUtilities.SafeInvoke: TestRun.TestRunComplete: Invoking callback 1/2 for Microsoft.VisualStudio.TestPlatform.CommandLine.TestRunResultAggregator., took 0 ms.
TpTrace Verbose: 0 : 77704, 5, 2024/03/29, 23:43:22.672, 10377715804396, vstest.console.dll, MulticastDelegateUtilities.SafeInvoke: TestRun.TestRunComplete: Invoking callback 2/2 for Microsoft.VisualStudio.TestPlatform.CommandLine.Processors.RunTestsArgumentExecutor+TestRunRequestEventsRegistrar., took 0 ms.
TpTrace Information: 0 : 77704, 5, 2024/03/29, 23:43:22.672, 10377715804845, vstest.console.dll, TestRunRequest:TestRunComplete: Completed.
TpTrace Verbose: 0 : 77704, 5, 2024/03/29, 23:43:22.672, 10377715805108, vstest.console.dll, ParallelProxyExecutionManager.StartTestRunOnConcurrentManager: Execution starting. Started clients: 1
TpTrace Verbose: 0 : 77704, 1, 2024/03/29, 23:43:22.672, 10377715805244, vstest.console.dll, TestRunRequest.Dispose: Starting.
TpTrace Information: 0 : 77704, 1, 2024/03/29, 23:43:22.672, 10377715805592, vstest.console.dll, TestRunRequest.Dispose: Completed.
TpTrace Information: 0 : 77704, 1, 2024/03/29, 23:43:22.672, 10377715805769, vstest.console.dll, TestRequestManager.RunTests: run tests completed.
TpTrace Information: 0 : 77704, 1, 2024/03/29, 23:43:22.672, 10377715806107, vstest.console.dll, RunTestsArgumentProcessor:Execute: Test run is completed.
TpTrace Verbose: 0 : 77704, 5, 2024/03/29, 23:43:22.672, 10377715806222, vstest.console.dll, TestRunRequest:SendTestRunMessage: Starting.
TpTrace Warning: 0 : 77704, 5, 2024/03/29, 23:43:22.672, 10377715806416, vstest.console.dll, TestRunRequest.SendTestRunMessage: Ignoring as the object is disposed.
TpTrace Verbose: 0 : 77704, 5, 2024/03/29, 23:43:22.672, 10377715806945, vstest.console.dll, ProxyExecutionManager: Test host is always Lazy initialize.
TpTrace Verbose: 0 : 77704, 1, 2024/03/29, 23:43:22.672, 10377715807063, vstest.console.dll, Executor.Execute: Exiting with exit code of 1
TpTrace Verbose: 0 : 77704, 5, 2024/03/29, 23:43:22.672, 10377715807220, vstest.console.dll, TestRequestSender.InitializeCommunication: initialize communication. 
TpTrace Information: 0 : 77704, 5, 2024/03/29, 23:43:22.672, 10377715808939, vstest.console.dll, SocketServer.Start: Listening on endpoint : 127.0.0.1:56988
